[0m20:48:59.316931 [debug] [MainThread]: Sending event: {'category': 'dbt', 'action': 'invocation', 'label': 'start', 'context': [<snowplow_tracker.self_describing_json.SelfDescribingJson object at 0x0000022E8151F020>, <snowplow_tracker.self_describing_json.SelfDescribingJson object at 0x0000022E81090FE0>, <snowplow_tracker.self_describing_json.SelfDescribingJson object at 0x0000022E8185CB60>]}


============================== 20:48:59.332552 | 74482bd4-4f8c-41d8-be33-80fe1135c567 ==============================
[0m20:48:59.332552 [info ] [MainThread]: Running with dbt=1.10.6
[0m20:48:59.332552 [debug] [MainThread]: running dbt with arguments {'printer_width': '80', 'indirect_selection': 'eager', 'log_cache_events': 'False', 'write_json': 'True', 'partial_parse': 'True', 'cache_selected_only': 'False', 'profiles_dir': 'C:\\Users\\Cliente\\.dbt', 'debug': 'False', 'warn_error': 'None', 'log_path': 'logs', 'version_check': 'True', 'fail_fast': 'False', 'use_colors': 'True', 'use_experimental_parser': 'False', 'no_print': 'None', 'quiet': 'False', 'empty': 'None', 'warn_error_options': 'WarnErrorOptionsV2(error=[], warn=[], silence=[])', 'invocation_command': 'dbt init dbt_learn', 'introspect': 'True', 'static_parser': 'True', 'target_path': 'None', 'log_format': 'default', 'send_anonymous_usage_stats': 'True'}
[0m20:48:59.494377 [info ] [MainThread]: Creating dbt configuration folder at C:\Users\Cliente\.dbt
[0m20:48:59.509998 [debug] [MainThread]: Starter project path: C:\Users\Cliente\Desktop\Satori\data_study\dbt\.venv\Lib\site-packages\dbt\include\starter_project
[0m20:48:59.537249 [info ] [MainThread]: 
Your new dbt project "dbt_learn" was created!

For more information on how to configure the profiles.yml file,
please consult the dbt documentation here:

  https://docs.getdbt.com/docs/configure-your-profile

One more thing:

Need help? Don't hesitate to reach out to us via GitHub issues or on Slack:

  https://community.getdbt.com/

Happy modeling!

[0m20:48:59.538419 [info ] [MainThread]: Setting up your profile.
[0m20:49:03.749787 [info ] [MainThread]: Profile dbt_learn written to C:\Users\Cliente\.dbt\profiles.yml using target's sample configuration. Once updated, you'll be able to start developing with dbt.
[0m20:49:03.765408 [debug] [MainThread]: Command `dbt init` succeeded at 20:49:03.749787 after 4.52 seconds
[0m20:49:03.765408 [debug] [MainThread]: Sending event: {'category': 'dbt', 'action': 'invocation', 'label': 'end', 'context': [<snowplow_tracker.self_describing_json.SelfDescribingJson object at 0x0000022E811E7320>, <snowplow_tracker.self_describing_json.SelfDescribingJson object at 0x0000022E81149730>, <snowplow_tracker.self_describing_json.SelfDescribingJson object at 0x0000022E824CD340>]}
[0m20:49:03.765408 [debug] [MainThread]: Flushing usage events
[0m20:49:04.451623 [debug] [MainThread]: An error was encountered while trying to flush usage events
